[2025-09-04 19:34:38] New order placed: id=161047, {'date': {'day': 4, 'month': 9, 'year': 2025}, 'time': {'hour': 19, 'minutes': 34, 'seconds': 14}}
[2025-09-10 21:21:57] New order placed: id=227788, {'date': {'day': 10, 'month': 9, 'year': 2025}, 'time': {'hour': 21, 'minutes': 20, 'seconds': 21}}
[2025-09-10 21:23:36] New order placed: id=825498, {'date': {'day': 10, 'month': 9, 'year': 2025}, 'time': {'hour': 21, 'minutes': 20, 'seconds': 21}}
[2025-09-10 22:01:59] New order placed: id=733201, {'date': {'day': 10, 'month': 9, 'year': 2025}, 'time': {'hour': 22, 'minutes': 1, 'seconds': 8}}
[2025-09-10 22:08:34] New order placed: id=879254, {'date': {'day': 10, 'month': 9, 'year': 2025}, 'time': {'hour': 22, 'minutes': 8, 'seconds': 11}}
[2025-09-10 22:13:50] New order placed: id=592724, {'date': {'day': 10, 'month': 9, 'year': 2025}, 'time': {'hour': 22, 'minutes': 13, 'seconds': 22}}
[2025-09-10 22:28:55] New order placed: id=970273, {'date': {'day': 10, 'month': 9, 'year': 2025}, 'time': {'hour': 22, 'minutes': 28, 'seconds': 15}}
[2025-09-10 22:30:54] Pizza fetch failed: file not found for id=227788
[2025-09-10 22:30:54] 227788 error: Pizza not found
[2025-09-10 22:32:10] ID : 592724 Was fetched
[2025-09-10 22:32:10] Pizza 592724 found successfully
[2025-09-10 22:46:29] New order placed: id=973981, {'date': {'day': 10, 'month': 9, 'year': 2025}, 'time': {'hour': 22, 'minutes': 45, 'seconds': 18}}
[2025-09-11 02:55:47] New order placed: id=850151, {'date': {'day': 11, 'month': 9, 'year': 2025}, 'time': {'hour': 2, 'minutes': 54, 'seconds': 46}}
[2025-09-11 03:01:23] New order placed: id=618845, {'date': {'day': 11, 'month': 9, 'year': 2025}, 'time': {'hour': 3, 'minutes': 1, 'seconds': 22}}
[2025-09-11 03:03:45] New order placed: id=702925, {'date': {'day': 11, 'month': 9, 'year': 2025}, 'time': {'hour': 3, 'minutes': 3, 'seconds': 42}}
[2025-09-11 03:04:32] New order placed: id=692044, {'date': {'day': 11, 'month': 9, 'year': 2025}, 'time': {'hour': 3, 'minutes': 4, 'seconds': 29}}
[2025-09-11 03:05:39] New order placed: id=488874, {'date': {'day': 11, 'month': 9, 'year': 2025}, 'time': {'hour': 3, 'minutes': 5, 'seconds': 37}}
[2025-09-11 03:09:25] New order placed: id=150654, {'date': {'day': 11, 'month': 9, 'year': 2025}, 'time': {'hour': 3, 'minutes': 9, 'seconds': 22}}
[2025-09-11 03:10:00] New order placed: id=683551, {'date': {'day': 11, 'month': 9, 'year': 2025}, 'time': {'hour': 3, 'minutes': 9, 'seconds': 57}}
[2025-09-11 17:32:08] New order placed: id=425004, {'date': {'day': 11, 'month': 9, 'year': 2025}, 'time': {'hour': 17, 'minutes': 30, 'seconds': 41}}
[2025-09-11 17:37:15] New order placed: id=195058, {'date': {'day': 11, 'month': 9, 'year': 2025}, 'time': {'hour': 17, 'minutes': 30, 'seconds': 41}}
[2025-09-11 17:38:16] New order placed: id=553163, {'date': {'day': 11, 'month': 9, 'year': 2025}, 'time': {'hour': 17, 'minutes': 30, 'seconds': 41}}
[2025-09-12 20:14:58] New order placed: id=478058, {'date': {'day': 12, 'month': 9, 'year': 2025}, 'time': {'hour': 19, 'minutes': 38, 'seconds': 25}}
[2025-09-12 20:22:41] New order placed: id=305151, {'date': {'day': 12, 'month': 9, 'year': 2025}, 'time': {'hour': 20, 'minutes': 20, 'seconds': 18}}
[2025-09-12 20:25:33] New order placed: id=984356, {'date': {'day': 12, 'month': 9, 'year': 2025}, 'time': {'hour': 20, 'minutes': 24, 'seconds': 23}}
[2025-09-12 21:08:46] New order placed: id=766250, {'date': {'day': 12, 'month': 9, 'year': 2025}, 'time': {'hour': 21, 'minutes': 8, 'seconds': 42}}
[2025-09-12 21:10:11] New order placed: id=902039, {'date': {'day': 12, 'month': 9, 'year': 2025}, 'time': {'hour': 21, 'minutes': 8, 'seconds': 42}}
[2025-09-12 21:17:55] New order placed: id=895220, {'date': {'day': 12, 'month': 9, 'year': 2025}, 'time': {'hour': 21, 'minutes': 17, 'seconds': 7}}
[2025-09-12 21:28:51] New order placed: id=531834, {'date': {'day': 12, 'month': 9, 'year': 2025}, 'time': {'hour': 21, 'minutes': 28, 'seconds': 10}}
[2025-09-12 21:29:54] New order placed: id=149783, {'date': {'day': 12, 'month': 9, 'year': 2025}, 'time': {'hour': 21, 'minutes': 28, 'seconds': 10}}
[2025-09-12 21:37:47] New order placed: id=912336, {'date': {'day': 12, 'month': 9, 'year': 2025}, 'time': {'hour': 21, 'minutes': 34, 'seconds': 7}}
[2025-09-12 21:57:06] New order placed: id=767788, {'date': {'day': 12, 'month': 9, 'year': 2025}, 'time': {'hour': 21, 'minutes': 56, 'seconds': 2}}
[2025-09-12 22:16:21] New order placed: id=838819, {'date': {'day': 12, 'month': 9, 'year': 2025}, 'time': {'hour': 22, 'minutes': 15, 'seconds': 15}}
[2025-09-15 15:28:57] New order placed: id=632359, {'date': {'day': 15, 'month': 9, 'year': 2025}, 'time': {'hour': 15, 'minutes': 21, 'seconds': 34}}
[2025-09-15 15:28:59] New order placed: id=982003, {'date': {'day': 15, 'month': 9, 'year': 2025}, 'time': {'hour': 15, 'minutes': 21, 'seconds': 34}}
[2025-09-15 15:35:59] New order placed: id=271928, {'date': {'day': 15, 'month': 9, 'year': 2025}, 'time': {'hour': 15, 'minutes': 34, 'seconds': 8}}
[2025-09-15 15:57:48] New order placed: id=336453, {'date': {'day': 15, 'month': 9, 'year': 2025}, 'time': {'hour': 15, 'minutes': 56, 'seconds': 7}}
[2025-09-15 20:05:11] New order placed: id=878017, {'date': {'day': 15, 'month': 9, 'year': 2025}, 'time': {'hour': 20, 'minutes': 4, 'seconds': 3}}
[2025-09-15 20:05:11] DB save failed for order_id=878017: 'list' object has no attribute 'get'
[2025-09-15 20:10:53] New order placed: id=912069, {'date': {'day': 15, 'month': 9, 'year': 2025}, 'time': {'hour': 20, 'minutes': 10, 'seconds': 15}}
[2025-09-15 20:10:53] DB save failed for order_id=912069: 'list' object has no attribute 'get'
[2025-09-15 20:12:18] New order placed: id=342323, {'date': {'day': 15, 'month': 9, 'year': 2025}, 'time': {'hour': 20, 'minutes': 10, 'seconds': 15}}
[2025-09-15 20:12:18] Invoice saved to DB: db_id=1, order_id=342323, total=0.0
[2025-09-15 20:15:29] New order placed: id=497537, {'date': {'day': 15, 'month': 9, 'year': 2025}, 'time': {'hour': 20, 'minutes': 14, 'seconds': 42}}
[2025-09-15 20:15:29] DB save failed for order_id=497537: 'list' object has no attribute 'get'
[2025-09-15 20:16:13] New order placed: id=263109, {'date': {'day': 15, 'month': 9, 'year': 2025}, 'time': {'hour': 20, 'minutes': 14, 'seconds': 42}}
[2025-09-15 20:16:13] DB save failed for order_id=263109: 'list' object has no attribute 'get'
[2025-09-15 20:21:26] New order placed: id=946807, {'date': {'day': 15, 'month': 9, 'year': 2025}, 'time': {'hour': 20, 'minutes': 20, 'seconds': 47}}
[2025-09-15 20:21:26] DB save failed for order_id=946807: dictionary update sequence element #0 has length 3; 2 is required
[2025-09-15 20:21:57] New order placed: id=435449, {'date': {'day': 15, 'month': 9, 'year': 2025}, 'time': {'hour': 20, 'minutes': 20, 'seconds': 47}}
[2025-09-15 20:21:57] DB save failed for order_id=435449: dictionary update sequence element #0 has length 4; 2 is required
[2025-09-15 20:26:49] New order placed: id=899069, {'date': {'day': 15, 'month': 9, 'year': 2025}, 'time': {'hour': 20, 'minutes': 26, 'seconds': 7}}
[2025-09-15 20:26:49] DB save failed for order_id=899069: dictionary update sequence element #0 has length 3; 2 is required
[2025-09-15 20:28:35] New order placed: id=239157, {'date': {'day': 15, 'month': 9, 'year': 2025}, 'time': {'hour': 20, 'minutes': 27, 'seconds': 56}}
[2025-09-15 20:28:35] DB save failed for order_id=239157: dictionary update sequence element #0 has length 4; 2 is required
[2025-09-15 20:35:01] New order placed: id=499266, {'date': {'day': 15, 'month': 9, 'year': 2025}, 'time': {'hour': 20, 'minutes': 33, 'seconds': 15}}
[2025-09-15 20:35:01] DB save failed for order_id=499266: dictionary update sequence element #0 has length 4; 2 is required
[2025-09-15 20:42:51] New order placed: id=450249, {'date': {'day': 15, 'month': 9, 'year': 2025}, 'time': {'hour': 20, 'minutes': 41, 'seconds': 59}}
[2025-09-15 20:42:51] DB save failed for order_id=450249: name 'TYPE_ALIASES' is not defined
[2025-09-15 20:50:33] New order placed: id=676840, {'date': {'day': 15, 'month': 9, 'year': 2025}, 'time': {'hour': 20, 'minutes': 49, 'seconds': 16}}
[2025-09-15 20:50:33] DB save failed for order_id=676840: name 'TYPE_ALIASES' is not defined
[2025-09-15 21:16:43] New order placed: id=977214, {'date': {'day': 15, 'month': 9, 'year': 2025}, 'time': {'hour': 21, 'minutes': 16, 'seconds': 3}}
[2025-09-15 21:16:43] Invoice saved to DB: db_id=1, order_id=977214, total=27.0
[2025-09-15 21:17:56] New order placed: id=102585, {'date': {'day': 15, 'month': 9, 'year': 2025}, 'time': {'hour': 21, 'minutes': 16, 'seconds': 3}}
[2025-09-15 21:17:56] Invoice saved to DB: db_id=2, order_id=102585, total=15.0
[2025-09-16 08:41:44] New order placed: id=131439, {'date': {'day': 16, 'month': 9, 'year': 2025}, 'time': {'hour': 8, 'minutes': 40, 'seconds': 39}}
[2025-09-16 08:41:44] Invoice saved to DB: db_id=1, order_id=131439, total=0.0
[2025-09-16 17:31:17] New order placed: id=635747, {'date': {'day': 16, 'month': 9, 'year': 2025}, 'time': {'hour': 17, 'minutes': 28, 'seconds': 30}}
[2025-09-16 17:31:17] Invoice saved to DB: db_id=1, order_id=635747, total=37.0
[2025-09-16 18:56:27] New order placed: id=578329, {'date': {'day': 16, 'month': 9, 'year': 2025}, 'time': {'hour': 18, 'minutes': 55, 'seconds': 5}}
[2025-09-16 18:56:27] Invoice saved to DB: db_id=2, order_id=578329, total=59.0
[2025-09-18 18:35:31] New order placed: id=209668, {'date': {'day': 18, 'month': 9, 'year': 2025}, 'time': {'hour': 18, 'minutes': 34, 'seconds': 8}}
[2025-09-18 18:35:31] Invoice saved to DB: db_id=3, order_id=209668, total=27.0
[2025-09-18 18:40:02] New order placed: id=275824, {'date': {'day': 18, 'month': 9, 'year': 2025}, 'time': {'hour': 18, 'minutes': 40, 'seconds': 0}}
[2025-09-18 18:40:02] Invoice saved to DB: db_id=4, order_id=275824, total=27.0
[2025-09-18 18:53:12] New order placed: id=614780, {'date': {'day': 18, 'month': 9, 'year': 2025}, 'time': {'hour': 18, 'minutes': 40, 'seconds': 0}}
[2025-09-18 18:53:12] Invoice saved to DB: db_id=13, order_id=614780, total=17.0
[2025-09-18 18:53:22] New order placed: id=779077, {'date': {'day': 18, 'month': 9, 'year': 2025}, 'time': {'hour': 18, 'minutes': 40, 'seconds': 0}}
[2025-09-18 18:53:22] Invoice saved to DB: db_id=14, order_id=779077, total=17.0
[2025-09-18 18:53:36] New order placed: id=804907, {'date': {'day': 18, 'month': 9, 'year': 2025}, 'time': {'hour': 18, 'minutes': 40, 'seconds': 0}}
[2025-09-18 18:53:36] Invoice saved to DB: db_id=15, order_id=804907, total=17.0
[2025-09-18 18:54:33] New order placed: id=763934, {'date': {'day': 18, 'month': 9, 'year': 2025}, 'time': {'hour': 18, 'minutes': 40, 'seconds': 0}}
[2025-09-18 18:54:33] Invoice saved to DB: db_id=16, order_id=763934, total=17.0
[2025-09-18 18:55:19] New order placed: id=244336, {'date': {'day': 18, 'month': 9, 'year': 2025}, 'time': {'hour': 18, 'minutes': 40, 'seconds': 0}}
[2025-09-18 18:55:19] Invoice saved to DB: db_id=17, order_id=244336, total=17.0
[2025-09-18 18:55:35] New order placed: id=515153, {'date': {'day': 18, 'month': 9, 'year': 2025}, 'time': {'hour': 18, 'minutes': 40, 'seconds': 0}}
[2025-09-18 18:55:35] Invoice saved to DB: db_id=18, order_id=515153, total=17.0
[2025-09-18 18:57:34] New order placed: id=282200, {'date': {'day': 18, 'month': 9, 'year': 2025}, 'time': {'hour': 18, 'minutes': 57, 'seconds': 29}}
[2025-09-18 18:57:34] Invoice saved to DB: db_id=19, order_id=282200, total=17.0
[2025-09-18 18:58:15] New order placed: id=797966, {'date': {'day': 18, 'month': 9, 'year': 2025}, 'time': {'hour': 18, 'minutes': 58, 'seconds': 13}}
[2025-09-18 18:58:15] Invoice saved to DB: db_id=20, order_id=797966, total=17.0
[2025-09-20 16:45:11] New order placed: id=995434, {'date': {'day': 20, 'month': 9, 'year': 2025}, 'time': {'hour': 16, 'minutes': 44, 'seconds': 27}}
[2025-09-20 16:45:11] Invoice saved to DB: db_id=13, order_id=995434, total=44.0
[2025-09-20 16:49:27] New order placed: id=508757, {'date': {'day': 20, 'month': 9, 'year': 2025}, 'time': {'hour': 16, 'minutes': 49, 'seconds': 8}}
[2025-09-20 16:49:27] Invoice saved to DB: db_id=14, order_id=508757, total=44.0
[2025-09-20 16:53:43] New order placed: id=117754, {'date': {'day': 20, 'month': 9, 'year': 2025}, 'time': {'hour': 16, 'minutes': 53, 'seconds': 40}}
[2025-09-20 16:53:43] Invoice saved to DB: db_id=15, order_id=117754, total=44.0
[2025-09-20 17:33:02] New order placed: id=262811, {'date': {'day': 20, 'month': 9, 'year': 2025}, 'time': {'hour': 17, 'minutes': 32, 'seconds': 12}}
[2025-09-20 17:33:02] Invoice saved to DB: db_id=16, order_id=262811, total=29.0
[2025-09-20 17:41:22] New order placed: id=447153, {'date': {'day': 20, 'month': 9, 'year': 2025}, 'time': {'hour': 17, 'minutes': 40, 'seconds': 49}}
[2025-09-20 17:41:22] Invoice saved to DB: db_id=17, order_id=447153, total=27.0
[2025-09-20 17:56:40] New order placed: id=469721, {'date': {'day': 20, 'month': 9, 'year': 2025}, 'time': {'hour': 17, 'minutes': 56, 'seconds': 7}}
[2025-09-20 17:56:40] Invoice saved to DB: db_id=18, order_id=469721, total=0.0
[2025-09-20 17:57:47] New order placed: id=619458, {'date': {'day': 20, 'month': 9, 'year': 2025}, 'time': {'hour': 17, 'minutes': 57, 'seconds': 45}}
[2025-09-20 17:57:47] Invoice saved to DB: db_id=19, order_id=619458, total=0.0
[2025-09-20 18:01:35] New order placed: id=689584, {'date': {'day': 20, 'month': 9, 'year': 2025}, 'time': {'hour': 18, 'minutes': 1, 'seconds': 4}}
[2025-09-20 18:01:35] Invoice saved to DB: db_id=20, order_id=689584, total=0.0
[2025-09-20 18:13:34] New order placed: id=771490, {'date': {'day': 20, 'month': 9, 'year': 2025}, 'time': {'hour': 18, 'minutes': 12, 'seconds': 49}}
[2025-09-20 18:13:34] Invoice saved to DB: db_id=21, order_id=771490, total=0.0
[2025-09-20 18:21:00] New order placed: id=600738, {'date': {'day': 20, 'month': 9, 'year': 2025}, 'time': {'hour': 18, 'minutes': 20, 'seconds': 24}}
[2025-09-20 18:21:00] Invoice saved to DB: db_id=22, order_id=600738, total=0.0
[2025-09-20 18:33:18] New order placed: id=612618, {'date': {'day': 20, 'month': 9, 'year': 2025}, 'time': {'hour': 18, 'minutes': 32, 'seconds': 41}}
[2025-09-20 18:33:18] Invoice saved to DB: db_id=23, order_id=612618, total=0.0
[2025-09-20 18:35:39] New order placed: id=899111, {'date': {'day': 20, 'month': 9, 'year': 2025}, 'time': {'hour': 18, 'minutes': 35, 'seconds': 11}}
[2025-09-20 18:35:39] Invoice saved to DB: db_id=24, order_id=899111, total=0.0
[2025-09-20 18:41:32] New order placed: id=782722, {'date': {'day': 20, 'month': 9, 'year': 2025}, 'time': {'hour': 18, 'minutes': 35, 'seconds': 11}}
[2025-09-20 18:41:32] Invoice saved to DB: db_id=25, order_id=782722, total=0.0
[2025-09-20 18:41:43] New order placed: id=560804, {'date': {'day': 20, 'month': 9, 'year': 2025}, 'time': {'hour': 18, 'minutes': 41, 'seconds': 41}}
[2025-09-20 18:41:43] Invoice saved to DB: db_id=26, order_id=560804, total=0.0
[2025-09-20 18:47:05] New order placed: id=392605, {'date': {'day': 20, 'month': 9, 'year': 2025}, 'time': {'hour': 18, 'minutes': 46, 'seconds': 39}}
[2025-09-20 18:47:05] Invoice saved to DB: db_id=27, order_id=392605, total=0.0
[2025-09-20 19:13:16] New order placed: id=432631, {'date': {'day': 20, 'month': 9, 'year': 2025}, 'time': {'hour': 19, 'minutes': 12, 'seconds': 35}}
[2025-09-20 19:13:16] Invoice saved to DB: db_id=28, order_id=432631, total=0.0
[2025-09-21 17:35:02] New order placed: id=434865, {'date': {'day': 21, 'month': 9, 'year': 2025}, 'time': {'hour': 17, 'minutes': 34, 'seconds': 1}}
[2025-09-21 17:35:02] Invoice saved to DB: db_id=29, order_id=434865, total=12.0
[2025-09-21 17:36:01] New order placed: id=846999, {'date': {'day': 21, 'month': 9, 'year': 2025}, 'time': {'hour': 17, 'minutes': 35, 'seconds': 59}}
[2025-09-21 17:36:01] Invoice saved to DB: db_id=30, order_id=846999, total=12.0
[2025-09-21 17:36:32] New order placed: id=421140, {'date': {'day': 21, 'month': 9, 'year': 2025}, 'time': {'hour': 17, 'minutes': 36, 'seconds': 23}}
[2025-09-21 17:36:32] Invoice saved to DB: db_id=31, order_id=421140, total=12.0
[2025-09-21 17:37:17] New order placed: id=867504, {'date': {'day': 21, 'month': 9, 'year': 2025}, 'time': {'hour': 17, 'minutes': 37, 'seconds': 14}}
[2025-09-21 17:37:17] Invoice saved to DB: db_id=32, order_id=867504, total=12.0
[2025-09-21 17:37:49] New order placed: id=255880, {'date': {'day': 21, 'month': 9, 'year': 2025}, 'time': {'hour': 17, 'minutes': 37, 'seconds': 14}}
[2025-09-21 17:37:49] Invoice saved to DB: db_id=33, order_id=255880, total=0.0
[2025-09-21 19:05:05] New order placed: id=138650, {'date': {'day': 21, 'month': 9, 'year': 2025}, 'time': {'hour': 18, 'minutes': 59, 'seconds': 46}}
[2025-09-21 19:05:05] Invoice saved to DB: db_id=34, order_id=138650, total=0.0
[2025-09-21 19:47:50] New order placed: id=739566, {'date': {'day': 21, 'month': 9, 'year': 2025}, 'time': {'hour': 19, 'minutes': 46, 'seconds': 1}}
[2025-09-21 19:47:50] Invoice saved to DB: db_id=35, order_id=739566, total=0.0
[2025-09-21 19:53:55] New order placed: id=822548, {'date': {'day': 21, 'month': 9, 'year': 2025}, 'time': {'hour': 19, 'minutes': 53, 'seconds': 51}}
[2025-09-21 19:53:55] Invoice saved to DB: db_id=36, order_id=822548, total=0.0
[2025-09-21 20:06:51] New order placed: id=639380, {'date': {'day': 21, 'month': 9, 'year': 2025}, 'time': {'hour': 20, 'minutes': 4, 'seconds': 15}}
[2025-09-21 20:06:51] Invoice saved to DB: db_id=37, order_id=639380, total=0.0
